<?xml version="1.0" encoding="UTF-8"?>
<!-- Generated by org.testng.reporters.JUnitXMLReporter -->
<testsuite hostname="DESKTOP-QNHHQU3" ignored="0" name="Testgroup" tests="6" failures="0" timestamp="2019-12-26T13:12:51 IST" time="0.11" errors="0">
  <testcase name="f" time="0.016" classname="com.newproject.selenium.com.newproject.selenium.first.Test4"/>
  <testcase name="f" time="0.0" classname="com.newproject.selenium.com.newproject.selenium.first.Test2"/>
  <testcase name="f" time="0.016" classname="com.newproject.selenium.com.newproject.selenium.first.Test3"/>
  <testcase name="z" time="0.0" classname="com.newproject.selenium.com.newproject.selenium.first.Test3"/>
  <testcase name="b" time="0.0" classname="com.newproject.selenium.com.newproject.selenium.first.Test3"/>
  <testcase name="f" time="0.0" classname="com.newproject.selenium.com.newproject.selenium.first.Test1"/>
</testsuite> <!-- Testgroup -->
