<?xml version="1.0" encoding="UTF-8"?>
<!-- Generated by org.testng.reporters.JUnitXMLReporter -->
<testsuite hostname="DESKTOP-QNHHQU3" ignored="0"
	name="chrome" tests="4" failures="0"
	timestamp="27 Dec 2019 06:25:24 GMT" time="57.379" errors="0">
	<testcase name="linktesting1" time="0.793"
		classname="com.project.samplemvnproject.LinksTesting1" />
	<testcase name="checkboxTest" time="0.234"
		classname="com.project.samplemvnproject.RadioButton1" />
	<testcase name="checkboxTest" time="0.216"
		classname="com.project.samplemvnproject.CheckBox1" />
	<testcase name="amazon" time="0.002"
		classname="com.project.samplemvnproject.TC001" />
</testsuite> <!-- chrome -->
