<?xml version="1.0" encoding="UTF-8"?>
<!-- Generated by org.testng.reporters.JUnitXMLReporter -->
<testsuite hostname="DESKTOP-QNHHQU3" ignored="0"
	name="firefox" tests="4" failures="0"
	timestamp="27 Dec 2019 06:27:35 GMT" time="130.475" errors="0">
	<testcase name="linktesting1" time="0.945"
		classname="com.project.samplemvnproject.LinksTesting1" />
	<testcase name="checkboxTest" time="0.297"
		classname="com.project.samplemvnproject.RadioButton1" />
	<testcase name="checkboxTest" time="0.255"
		classname="com.project.samplemvnproject.CheckBox1" />
	<testcase name="amazon" time="0.005"
		classname="com.project.samplemvnproject.TC001" />
</testsuite> <!-- firefox -->
