<?xml version="1.0" encoding="UTF-8"?>
<!-- Generated by org.testng.reporters.JUnitXMLReporter -->
<testsuite hostname="DESKTOP-QNHHQU3" ignored="0"
	name="Test001" tests="4" failures="0"
	timestamp="27 Dec 2019 05:52:13 GMT" time="61.363" errors="0">
	<testcase name="linktesting1" time="2.123"
		classname="com.project.samplemvnproject.LinksTesting1" />
	<testcase name="checkboxTest" time="0.211"
		classname="com.project.samplemvnproject.RadioButton1" />
	<testcase name="checkboxTest" time="0.29"
		classname="com.project.samplemvnproject.CheckBox1" />
	<testcase name="amazon" time="0.0"
		classname="com.project.samplemvnproject.TC001" />
</testsuite> <!-- Test001 -->
