<?xml version="1.0" encoding="UTF-8"?>
<!-- Generated by org.testng.reporters.JUnitXMLReporter -->
<testsuite hostname="DESKTOP-QNHHQU3" ignored="0" name="Default test" tests="2" failures="0" timestamp="31 Jan 2020 10:53:58 GMT" time="1.03" errors="0">
  <testcase name="loginTest" time="0.02" classname="com.project.SuiteA.LoginTest"/>
  <testcase name="loginTest" time="0.011" classname="com.project.SuiteA.LoginTest">
    <skipped/>
  </testcase> <!-- loginTest -->
</testsuite> <!-- Default test -->
