<?xml version="1.0" encoding="UTF-8"?>
<testng-results skipped="0" failed="0" ignored="0"
	total="1" passed="1">
	<reporter-output>
	</reporter-output>
	<suite name="Suite002" duration-ms="44836"
		started-at="2020-01-03T15:05:51Z" finished-at="2020-01-03T15:06:36Z">
		<groups>
		</groups>
		<test name="Test002" duration-ms="44836"
			started-at="2020-01-03T15:05:51Z" finished-at="2020-01-03T15:06:36Z">
			<class name="com.sample.testngsamp.POM002">
				<test-method status="PASS"
					signature="beforeTest(java.lang.String)[pri:0, instance:com.sample.testngsamp.POM002@130161f7]"
					name="beforeTest" is-config="true" duration-ms="32176"
					started-at="2020-01-03T15:05:51Z"
					finished-at="2020-01-03T15:06:23Z">
					<params>
						<param index="0">
							<value>
                <![CDATA[chrome]]>
							</value>
						</param>
					</params>
					<reporter-output>
					</reporter-output>
				</test-method> <!-- beforeTest -->
				<test-method status="PASS"
					signature="f()[pri:0, instance:com.sample.testngsamp.POM002@130161f7]"
					name="f" duration-ms="12183" started-at="2020-01-03T15:06:23Z"
					finished-at="2020-01-03T15:06:35Z">
					<reporter-output>
					</reporter-output>
				</test-method> <!-- f -->
				<test-method status="PASS"
					signature="afterTest()[pri:0, instance:com.sample.testngsamp.POM002@130161f7]"
					name="afterTest" is-config="true" duration-ms="444"
					started-at="2020-01-03T15:06:35Z"
					finished-at="2020-01-03T15:06:36Z">
					<reporter-output>
					</reporter-output>
				</test-method> <!-- afterTest -->
			</class> <!-- com.sample.testngsamp.POM002 -->
		</test> <!-- Test002 -->
	</suite> <!-- Suite002 -->
</testng-results>
