<?xml version="1.0" encoding="UTF-8"?>
<testng-results skipped="0" failed="0" ignored="0" total="1" passed="1">
  <reporter-output>
  </reporter-output>
  <suite name="fbcolour" duration-ms="37522" started-at="2020-01-12T08:57:39Z" finished-at="2020-01-12T08:58:16Z">
    <groups>
    </groups>
    <test name="fbcolour" duration-ms="37522" started-at="2020-01-12T08:57:39Z" finished-at="2020-01-12T08:58:16Z">
      <class name="com.sample.testngsamp.FbColour">
        <test-method status="PASS" signature="beforeTest(java.lang.String)[pri:0, instance:com.sample.testngsamp.FbColour@35ef1869]" name="beforeTest" is-config="true" duration-ms="36700" started-at="2020-01-12T08:57:39Z" finished-at="2020-01-12T08:58:16Z">
          <params>
            <param index="0">
              <value>
                <![CDATA[chrome]]>
              </value>
            </param>
          </params>
          <reporter-output>
          </reporter-output>
        </test-method> <!-- beforeTest -->
        <test-method status="PASS" signature="colourOfButton()[pri:0, instance:com.sample.testngsamp.FbColour@35ef1869]" name="colourOfButton" duration-ms="99" started-at="2020-01-12T08:58:16Z" finished-at="2020-01-12T08:58:16Z">
          <reporter-output>
          </reporter-output>
        </test-method> <!-- colourOfButton -->
        <test-method status="PASS" signature="afterTest()[pri:0, instance:com.sample.testngsamp.FbColour@35ef1869]" name="afterTest" is-config="true" duration-ms="673" started-at="2020-01-12T08:58:16Z" finished-at="2020-01-12T08:58:16Z">
          <reporter-output>
          </reporter-output>
        </test-method> <!-- afterTest -->
      </class> <!-- com.sample.testngsamp.FbColour -->
    </test> <!-- fbcolour -->
  </suite> <!-- fbcolour -->
</testng-results>
