<?xml version="1.0" encoding="UTF-8"?>
<!-- Generated by org.testng.reporters.JUnitXMLReporter -->
<testsuite hostname="DESKTOP-QNHHQU3" ignored="0"
	name="POM001" tests="1" failures="1"
	timestamp="02 Jan 2020 14:05:10 GMT" time="40.127" errors="0">
	<testcase name="f" time="4.263"
		classname="com.sample.testngsamp.POM001">
		<failure type="java.lang.AssertionError"
			message="expected [Authentication failed] but found [Authentication failed.]">
      <![CDATA[java.lang.AssertionError: expected [Authentication failed] but found [Authentication failed.]
at com.sample.testngsamp.POM001.f(POM001.java:18)
... Removed 31 stack frames]]>
		</failure>
	</testcase> <!-- f -->
</testsuite> <!-- POM001 -->
